#-----------------------------------------------------------
# Vivado v2024.2 (64-bit)
# SW Build 5239630 on Fri Nov 08 22:34:34 MST 2024
# IP Build 5239520 on Sun Nov 10 16:12:51 MST 2024
# SharedData Build 5239561 on Fri Nov 08 14:39:27 MST 2024
# Start of session at: Fri Jan 10 10:11:34 2025
# Process ID         : 13363
# Current directory  : /home/coal/Documents/coalarchive/USU/FALL24/ece2700/drnimfinal
# Command line       : vivado -mode tcl
# Log file           : /home/coal/Documents/coalarchive/USU/FALL24/ece2700/drnimfinal/vivado.log
# Journal file       : /home/coal/Documents/coalarchive/USU/FALL24/ece2700/drnimfinal/vivado.jou
# Running On         : archlinux
# Platform           : Arch
# Operating System   : Arch Linux
# Processor Detail   : AMD Ryzen 5 7640HS w/ Radeon 760M Graphics
# CPU Frequency      : 4314.876 MHz
# CPU Physical cores : 6
# CPU Logical cores  : 12
# Host memory        : 24385 MB
# Swap memory        : 4294 MB
# Total Virtual      : 28680 MB
# Available Virtual  : 22842 MB
#-----------------------------------------------------------
help
WARNING: [Common 17-20] Did not find any categories for task 'create_noc_connection'
WARNING: [Common 17-20] Did not find any categories for task 'create_noc_interface'
WARNING: [Common 17-20] Did not find any categories for task 'delete_noc_connection'
WARNING: [Common 17-20] Did not find any categories for task 'delete_noc_interface'
WARNING: [Common 17-20] Did not find any categories for task 'get_noc_connections'
WARNING: [Common 17-20] Did not find any categories for task 'get_noc_interfaces'
WARNING: [Common 17-20] Did not find any categories for task 'has_dedicated_connection'
WARNING: [Common 17-20] Did not find any categories for task 'platform_verify'
WARNING: [Common 17-20] Did not find any categories for task 'report_run_status'
WARNING: [Common 17-20] Did not find any categories for task 'tandem_verify'
WARNING: [Common 17-20] Did not find any categories for task 'update_calibration_scheme'
Topic Categories:
Bitgen
Board
CDC
Configuration
DRC
Debug
Design
Device
Feasibility
FileIO
Floorplan
GUIControl
HD
IPFlow
IPIntegrator
Lint
Memory
Memory Initialization
Methodology
NOC
Netlist
Object
Partition
PinPlanning
Platform
Power
Project
PropertyAndParameter
Report
Report, NOC
Report, NPI
Run
SDC
Simulation
SysGen
Tcl
TclBuiltIn
TclPackage
Timing
ToolLaunch
Tools
Vitis
Vivado
Waiver
XDC
XPS
cluster_configuration
projutils
simulation
synthesis
user-written
vivado_preferences
xilinxtclstore
To list help topics by category, type 'help -category <category>'. For example:
% help -category Project
exit
INFO: [Common 17-206] Exiting Vivado at Fri Jan 10 10:11:50 2025...
