#-----------------------------------------------------------
# Vivado v2024.2 (64-bit)
# SW Build 5239630 on Fri Nov 08 22:34:34 MST 2024
# IP Build 5239520 on Sun Nov 10 16:12:51 MST 2024
# SharedData Build 5239561 on Fri Nov 08 14:39:27 MST 2024
# Start of session at: Fri Jan 10 10:10:21 2025
# Process ID         : 12973
# Current directory  : /home/coal/Documents/coalarchive/USU/FALL24/ece2700/drnimfinal
# Command line       : vivado -mode batch -source /dev/fd/63
# Log file           : /home/coal/Documents/coalarchive/USU/FALL24/ece2700/drnimfinal/vivado.log
# Journal file       : /home/coal/Documents/coalarchive/USU/FALL24/ece2700/drnimfinal/vivado.jou
# Running On         : archlinux
# Platform           : Arch
# Operating System   : Arch Linux
# Processor Detail   : AMD Ryzen 5 7640HS w/ Radeon 760M Graphics
# CPU Frequency      : 3923.101 MHz
# CPU Physical cores : 6
# CPU Logical cores  : 12
# Host memory        : 24385 MB
# Swap memory        : 4294 MB
# Total Virtual      : 28680 MB
# Available Virtual  : 22602 MB
#-----------------------------------------------------------
source /dev/fd/63
INFO: [Common 17-206] Exiting Vivado at Fri Jan 10 10:10:22 2025...
