
*** Running vivado
    with args -log DoubleSevenSegment.vds -m64 -product Vivado -mode batch -messageDb vivado.pb -notrace -source DoubleSevenSegment.tcl



****** Vivado v2022.1 (64-bit)
  **** SW Build 3526262 on Mon Apr 18 15:48:16 MDT 2022
  **** IP Build 3524634 on Mon Apr 18 20:55:01 MDT 2022
    ** Copyright 1986-2022 Xilinx, Inc. All Rights Reserved.

source DoubleSevenSegment.tcl -notrace
Command: read_checkpoint -auto_incremental -incremental C:/Users/coal/Documents/ECE2700/DoubleSevenSegment/DoubleSevenSegment.srcs/utils_1/imports/synth_1/MUXarray.dcp
INFO: [Vivado 12-5825] Read reference checkpoint from C:/Users/coal/Documents/ECE2700/DoubleSevenSegment/DoubleSevenSegment.srcs/utils_1/imports/synth_1/MUXarray.dcp for incremental synthesis
INFO: [Vivado 12-7989] Please ensure there are no constraint changes
Command: synth_design -top DoubleSevenSegment -part xc7a35tcpg236-1
Starting synth_design
Attempting to get a license for feature 'Synthesis' and/or device 'xc7a35t'
INFO: [Common 17-349] Got license for feature 'Synthesis' and/or device 'xc7a35t'
INFO: [Device 21-403] Loading part xc7a35tcpg236-1
INFO: [Designutils 20-5440] No compile time benefit to using incremental synthesis; A full resynthesis will be run
INFO: [Designutils 20-4379] Flow is switching to default flow due to incremental criteria not met. If you would like to alter this behaviour and have the flow terminate instead, please set the following parameter config_implementation {autoIncr.Synth.RejectBehavior Terminate}
INFO: [Synth 8-7079] Multithreading enabled for synth_design using a maximum of 2 processes.
INFO: [Synth 8-7078] Launching helper process for spawning children vivado processes
INFO: [Synth 8-7075] Helper process launched with PID 17152
---------------------------------------------------------------------------------
Starting RTL Elaboration : Time (s): cpu = 00:00:04 ; elapsed = 00:00:05 . Memory (MB): peak = 1609.684 ; gain = 0.000
---------------------------------------------------------------------------------
INFO: [Synth 8-6157] synthesizing module 'DoubleSevenSegment' [C:/Users/coal/Documents/coalarchive/USU/FALL24/ece2700/DoubleSevenSegment/DoubleSevenSegment.srcs/sources_1/new/DoubleSevenSegment.v:3]
INFO: [Synth 8-6157] synthesizing module 'ClockDivider' [C:/Users/coal/Documents/coalarchive/USU/FALL24/ece2700/DoubleSevenSegment/DoubleSevenSegment.srcs/sources_1/imports/ECE2700/clockdivider/clockdivider.srcs/sources_1/new/ClockDivider.v:3]
	Parameter PRESCALER bound to: 50000 - type: integer 
INFO: [Synth 8-6155] done synthesizing module 'ClockDivider' (0#1) [C:/Users/coal/Documents/coalarchive/USU/FALL24/ece2700/DoubleSevenSegment/DoubleSevenSegment.srcs/sources_1/imports/ECE2700/clockdivider/clockdivider.srcs/sources_1/new/ClockDivider.v:3]
INFO: [Synth 8-6157] synthesizing module 'NewSevenSegment' [C:/Users/coal/Documents/coalarchive/USU/FALL24/ece2700/DoubleSevenSegment/DoubleSevenSegment.srcs/sources_1/new/NewSevenSegment.v:3]
INFO: [Synth 8-6157] synthesizing module 'decoder4_16' [C:/Users/coal/Documents/coalarchive/USU/FALL24/ece2700/DoubleSevenSegment/DoubleSevenSegment.srcs/sources_1/new/decoder4_16.v:3]
INFO: [Synth 8-6157] synthesizing module 'decoder3_8' [C:/Users/coal/Documents/coalarchive/USU/FALL24/ece2700/DoubleSevenSegment/DoubleSevenSegment.srcs/sources_1/imports/ECE2700/Lab4/Lab4.srcs/sources_1/new/decoder3_8.v:3]
INFO: [Synth 8-6155] done synthesizing module 'decoder3_8' (0#1) [C:/Users/coal/Documents/coalarchive/USU/FALL24/ece2700/DoubleSevenSegment/DoubleSevenSegment.srcs/sources_1/imports/ECE2700/Lab4/Lab4.srcs/sources_1/new/decoder3_8.v:3]
INFO: [Synth 8-6155] done synthesizing module 'decoder4_16' (0#1) [C:/Users/coal/Documents/coalarchive/USU/FALL24/ece2700/DoubleSevenSegment/DoubleSevenSegment.srcs/sources_1/new/decoder4_16.v:3]
INFO: [Synth 8-6155] done synthesizing module 'NewSevenSegment' (0#1) [C:/Users/coal/Documents/coalarchive/USU/FALL24/ece2700/DoubleSevenSegment/DoubleSevenSegment.srcs/sources_1/new/NewSevenSegment.v:3]
INFO: [Synth 8-6155] done synthesizing module 'DoubleSevenSegment' (0#1) [C:/Users/coal/Documents/coalarchive/USU/FALL24/ece2700/DoubleSevenSegment/DoubleSevenSegment.srcs/sources_1/new/DoubleSevenSegment.v:3]
WARNING: [Synth 8-3917] design DoubleSevenSegment has port an[3] driven by constant 1
WARNING: [Synth 8-3917] design DoubleSevenSegment has port an[2] driven by constant 1
---------------------------------------------------------------------------------
Finished RTL Elaboration : Time (s): cpu = 00:00:05 ; elapsed = 00:00:07 . Memory (MB): peak = 1611.051 ; gain = 1.367
---------------------------------------------------------------------------------
---------------------------------------------------------------------------------
Start Handling Custom Attributes
---------------------------------------------------------------------------------
---------------------------------------------------------------------------------
Finished Handling Custom Attributes : Time (s): cpu = 00:00:06 ; elapsed = 00:00:07 . Memory (MB): peak = 1611.051 ; gain = 1.367
---------------------------------------------------------------------------------
---------------------------------------------------------------------------------
Finished RTL Optimization Phase 1 : Time (s): cpu = 00:00:06 ; elapsed = 00:00:07 . Memory (MB): peak = 1611.051 ; gain = 1.367
---------------------------------------------------------------------------------
Netlist sorting complete. Time (s): cpu = 00:00:00 ; elapsed = 00:00:00.001 . Memory (MB): peak = 1611.051 ; gain = 0.000
INFO: [Project 1-570] Preparing netlist for logic optimization

Processing XDC Constraints
Initializing timing engine
Parsing XDC File [C:/Users/coal/Documents/coalarchive/USU/FALL24/ece2700/DoubleSevenSegment/DoubleSevenSegment.srcs/constrs_1/imports/ECE2700/Basys3_Master.xdc]
Finished Parsing XDC File [C:/Users/coal/Documents/coalarchive/USU/FALL24/ece2700/DoubleSevenSegment/DoubleSevenSegment.srcs/constrs_1/imports/ECE2700/Basys3_Master.xdc]
INFO: [Project 1-236] Implementation specific constraints were found while reading constraint file [C:/Users/coal/Documents/coalarchive/USU/FALL24/ece2700/DoubleSevenSegment/DoubleSevenSegment.srcs/constrs_1/imports/ECE2700/Basys3_Master.xdc]. These constraints will be ignored for synthesis but will be used in implementation. Impacted constraints are listed in the file [.Xil/DoubleSevenSegment_propImpl.xdc].
Resolution: To avoid this warning, move constraints listed in [.Xil/DoubleSevenSegment_propImpl.xdc] to another XDC file and exclude this new file from synthesis with the used_in_synthesis property (File Properties dialog in GUI) and re-run elaboration/synthesis.
Completed Processing XDC Constraints

Netlist sorting complete. Time (s): cpu = 00:00:00 ; elapsed = 00:00:00 . Memory (MB): peak = 1675.656 ; gain = 0.000
INFO: [Project 1-111] Unisim Transformation Summary:
No Unisim elements were transformed.

Constraint Validation Runtime : Time (s): cpu = 00:00:00 ; elapsed = 00:00:00.002 . Memory (MB): peak = 1675.656 ; gain = 0.000
INFO: [Designutils 20-5440] No compile time benefit to using incremental synthesis; A full resynthesis will be run
INFO: [Designutils 20-4379] Flow is switching to default flow due to incremental criteria not met. If you would like to alter this behaviour and have the flow terminate instead, please set the following parameter config_implementation {autoIncr.Synth.RejectBehavior Terminate}
---------------------------------------------------------------------------------
Finished Constraint Validation : Time (s): cpu = 00:00:10 ; elapsed = 00:00:12 . Memory (MB): peak = 1675.656 ; gain = 65.973
---------------------------------------------------------------------------------
---------------------------------------------------------------------------------
Start Loading Part and Timing Information
---------------------------------------------------------------------------------
Loading part: xc7a35tcpg236-1
---------------------------------------------------------------------------------
Finished Loading Part and Timing Information : Time (s): cpu = 00:00:10 ; elapsed = 00:00:12 . Memory (MB): peak = 1675.656 ; gain = 65.973
---------------------------------------------------------------------------------
---------------------------------------------------------------------------------
Start Applying 'set_property' XDC Constraints
---------------------------------------------------------------------------------
---------------------------------------------------------------------------------
Finished applying 'set_property' XDC Constraints : Time (s): cpu = 00:00:11 ; elapsed = 00:00:12 . Memory (MB): peak = 1675.656 ; gain = 65.973
---------------------------------------------------------------------------------
---------------------------------------------------------------------------------
Finished RTL Optimization Phase 2 : Time (s): cpu = 00:00:11 ; elapsed = 00:00:12 . Memory (MB): peak = 1675.656 ; gain = 65.973
---------------------------------------------------------------------------------
---------------------------------------------------------------------------------
Start RTL Component Statistics 
---------------------------------------------------------------------------------
Detailed RTL Component Info : 
+---Adders : 
	   2 Input   25 Bit       Adders := 1     
+---Registers : 
	               25 Bit    Registers := 1     
	                1 Bit    Registers := 1     
+---Muxes : 
	   2 Input   25 Bit        Muxes := 1     
	   2 Input    8 Bit        Muxes := 4     
	   8 Input    8 Bit        Muxes := 4     
	   2 Input    7 Bit        Muxes := 1     
---------------------------------------------------------------------------------
Finished RTL Component Statistics 
---------------------------------------------------------------------------------
---------------------------------------------------------------------------------
Start Part Resource Summary
---------------------------------------------------------------------------------
Part Resources:
DSPs: 90 (col length:60)
BRAMs: 100 (col length: RAMB18 60 RAMB36 30)
---------------------------------------------------------------------------------
Finished Part Resource Summary
---------------------------------------------------------------------------------
---------------------------------------------------------------------------------
Start Cross Boundary and Area Optimization
---------------------------------------------------------------------------------
WARNING: [Synth 8-7080] Parallel synthesis criteria is not met
WARNING: [Synth 8-3917] design DoubleSevenSegment has port an[3] driven by constant 1
WARNING: [Synth 8-3917] design DoubleSevenSegment has port an[2] driven by constant 1
---------------------------------------------------------------------------------
Finished Cross Boundary and Area Optimization : Time (s): cpu = 00:00:12 ; elapsed = 00:00:14 . Memory (MB): peak = 1675.656 ; gain = 65.973
---------------------------------------------------------------------------------
---------------------------------------------------------------------------------
Start Applying XDC Timing Constraints
---------------------------------------------------------------------------------
---------------------------------------------------------------------------------
Finished Applying XDC Timing Constraints : Time (s): cpu = 00:00:15 ; elapsed = 00:00:17 . Memory (MB): peak = 1675.656 ; gain = 65.973
---------------------------------------------------------------------------------
---------------------------------------------------------------------------------
Start Timing Optimization
---------------------------------------------------------------------------------
---------------------------------------------------------------------------------
Finished Timing Optimization : Time (s): cpu = 00:00:15 ; elapsed = 00:00:17 . Memory (MB): peak = 1675.656 ; gain = 65.973
---------------------------------------------------------------------------------
---------------------------------------------------------------------------------
Start Technology Mapping
---------------------------------------------------------------------------------
---------------------------------------------------------------------------------
Finished Technology Mapping : Time (s): cpu = 00:00:15 ; elapsed = 00:00:17 . Memory (MB): peak = 1675.656 ; gain = 65.973
---------------------------------------------------------------------------------
---------------------------------------------------------------------------------
Start IO Insertion
---------------------------------------------------------------------------------
---------------------------------------------------------------------------------
Start Flattening Before IO Insertion
---------------------------------------------------------------------------------
---------------------------------------------------------------------------------
Finished Flattening Before IO Insertion
---------------------------------------------------------------------------------
---------------------------------------------------------------------------------
Start Final Netlist Cleanup
---------------------------------------------------------------------------------
---------------------------------------------------------------------------------
Finished Final Netlist Cleanup
---------------------------------------------------------------------------------
---------------------------------------------------------------------------------
Finished IO Insertion : Time (s): cpu = 00:00:19 ; elapsed = 00:00:21 . Memory (MB): peak = 1675.656 ; gain = 65.973
---------------------------------------------------------------------------------
---------------------------------------------------------------------------------
Start Renaming Generated Instances
---------------------------------------------------------------------------------
---------------------------------------------------------------------------------
Finished Renaming Generated Instances : Time (s): cpu = 00:00:19 ; elapsed = 00:00:21 . Memory (MB): peak = 1675.656 ; gain = 65.973
---------------------------------------------------------------------------------
---------------------------------------------------------------------------------
Start Rebuilding User Hierarchy
---------------------------------------------------------------------------------
---------------------------------------------------------------------------------
Finished Rebuilding User Hierarchy : Time (s): cpu = 00:00:19 ; elapsed = 00:00:21 . Memory (MB): peak = 1675.656 ; gain = 65.973
---------------------------------------------------------------------------------
---------------------------------------------------------------------------------
Start Renaming Generated Ports
---------------------------------------------------------------------------------
---------------------------------------------------------------------------------
Finished Renaming Generated Ports : Time (s): cpu = 00:00:19 ; elapsed = 00:00:21 . Memory (MB): peak = 1675.656 ; gain = 65.973
---------------------------------------------------------------------------------
---------------------------------------------------------------------------------
Start Handling Custom Attributes
---------------------------------------------------------------------------------
---------------------------------------------------------------------------------
Finished Handling Custom Attributes : Time (s): cpu = 00:00:19 ; elapsed = 00:00:21 . Memory (MB): peak = 1675.656 ; gain = 65.973
---------------------------------------------------------------------------------
---------------------------------------------------------------------------------
Start Renaming Generated Nets
---------------------------------------------------------------------------------
---------------------------------------------------------------------------------
Finished Renaming Generated Nets : Time (s): cpu = 00:00:19 ; elapsed = 00:00:21 . Memory (MB): peak = 1675.656 ; gain = 65.973
---------------------------------------------------------------------------------
---------------------------------------------------------------------------------
Start Writing Synthesis Report
---------------------------------------------------------------------------------

Report BlackBoxes: 
+-+--------------+----------+
| |BlackBox name |Instances |
+-+--------------+----------+
+-+--------------+----------+

Report Cell Usage: 
+------+-------+------+
|      |Cell   |Count |
+------+-------+------+
|1     |BUFG   |     1|
|2     |CARRY4 |     6|
|3     |LUT1   |     1|
|4     |LUT2   |     2|
|5     |LUT3   |     1|
|6     |LUT4   |     6|
|7     |LUT5   |     7|
|8     |LUT6   |     8|
|9     |FDRE   |    26|
|10    |IBUF   |     9|
|11    |OBUF   |    11|
+------+-------+------+
---------------------------------------------------------------------------------
Finished Writing Synthesis Report : Time (s): cpu = 00:00:19 ; elapsed = 00:00:21 . Memory (MB): peak = 1675.656 ; gain = 65.973
---------------------------------------------------------------------------------
Synthesis finished with 0 errors, 0 critical warnings and 3 warnings.
Synthesis Optimization Runtime : Time (s): cpu = 00:00:12 ; elapsed = 00:00:20 . Memory (MB): peak = 1675.656 ; gain = 1.367
Synthesis Optimization Complete : Time (s): cpu = 00:00:19 ; elapsed = 00:00:22 . Memory (MB): peak = 1675.656 ; gain = 65.973
INFO: [Project 1-571] Translating synthesized netlist
Netlist sorting complete. Time (s): cpu = 00:00:00 ; elapsed = 00:00:00 . Memory (MB): peak = 1675.656 ; gain = 0.000
INFO: [Netlist 29-17] Analyzing 6 Unisim elements for replacement
INFO: [Netlist 29-28] Unisim Transformation completed in 0 CPU seconds
INFO: [Project 1-570] Preparing netlist for logic optimization
INFO: [Opt 31-138] Pushed 0 inverter(s) to 0 load pin(s).
Netlist sorting complete. Time (s): cpu = 00:00:00 ; elapsed = 00:00:00 . Memory (MB): peak = 1675.656 ; gain = 0.000
INFO: [Project 1-111] Unisim Transformation Summary:
No Unisim elements were transformed.

Synth Design complete, checksum: 2d9ae38b
INFO: [Common 17-83] Releasing license: Synthesis
31 Infos, 5 Warnings, 0 Critical Warnings and 0 Errors encountered.
synth_design completed successfully
synth_design: Time (s): cpu = 00:00:22 ; elapsed = 00:00:29 . Memory (MB): peak = 1675.656 ; gain = 65.973
INFO: [Common 17-1381] The checkpoint 'C:/Users/coal/Documents/coalarchive/USU/FALL24/ece2700/DoubleSevenSegment/DoubleSevenSegment.runs/synth_1/DoubleSevenSegment.dcp' has been generated.
INFO: [runtcl-4] Executing : report_utilization -file DoubleSevenSegment_utilization_synth.rpt -pb DoubleSevenSegment_utilization_synth.pb
INFO: [Common 17-206] Exiting Vivado at Wed Oct 30 15:34:40 2024...
